#
# A fatal error has been detected by the Java Runtime Environment:
#
#  SIGSEGV (0xb) at pc=0x0000000134a56944, pid=16276, tid=0x0000000000001803
#
# JRE version: Java(TM) SE Runtime Environment (8.0_172-b11) (build 1.8.0_172-b11)
# Java VM: Java HotSpot(TM) 64-Bit Server VM (25.172-b11 mixed mode bsd-amd64 compressed oops)
# Problematic frame:
# C  [libswscale.5.dylib+0x69944]  sws_getCachedContext+0x1c14
#
# Failed to write core dump. Core dumps have been disabled. To enable core dumping, try "ulimit -c unlimited" before starting Java again
#
# If you would like to submit a bug report, please visit:
#   http://bugreport.java.com/bugreport/crash.jsp
# The crash happened outside the Java Virtual Machine in native code.
# See problematic frame for where to report the bug.
#

---------------  T H R E A D  ---------------

Current thread (0x00007f82f8801800):  JavaThread "main" [_thread_in_native, id=6147, stack(0x000070000bb84000,0x000070000bc84000)]

siginfo: si_signo: 11 (SIGSEGV), si_code: 1 (SEGV_MAPERR), si_addr: 0x00000001313a5000

Registers:
RAX=0x0000000134a569a0, RBX=0x00000000000002cf, RCX=0x00000001313a4100, RDX=0x00000001313a4100
RSP=0x000070000bc83138, RBP=0x00000000000002cf, RSI=0x00000001313a4fe8, RDI=0x00007f82f90f2000
R8 =0xfffffffffffffff0, R9 =0x00007f82fb1c77e0, R10=0x00000000000002d0, R11=0x00000000000002cb
R12=0x0000000000000003, R13=0x00007f82e830c5c0, R14=0x0000000000000500, R15=0x00007f82fb1bde00
RIP=0x0000000134a56944, EFLAGS=0x0000000000010286, ERR=0x0000000000000004
  TRAPNO=0x000000000000000e

Top of Stack: (sp=0x000070000bc83138)
0x000070000bc83138:   00000001349eedb0 000004f7fb1c77e0
0x000070000bc83148:   0000000000000004 00007f82fb1c77e0
0x000070000bc83158:   0000000000000003 00000000000002cc
0x000070000bc83168:   00007f82fb1c77e0 00000001313a4100
0x000070000bc83178:   00000001313a4100 00000001313a4100
0x000070000bc83188:   00000001313a4100 b63857e6a95900b1
0x000070000bc83198:   00007f82e830c5c0 0000000000000002
0x000070000bc831a8:   00007f82fb1bde00 0000000000000004
0x000070000bc831b8:   00000000000002cc 00000000000002cc
0x000070000bc831c8:   0000000134a3650e 0000000100000000
0x000070000bc831d8:   0000000000000500 00007f8200000000
0x000070000bc831e8:   00007f82f7fb5348 0000000000000001
0x000070000bc831f8:   0000000134a5512c 0000000034a05df0
0x000070000bc83208:   00000000000002d0 0000001c00000001
0x000070000bc83218:   000070000bc83470 0000000000000003
0x000070000bc83228:   00007f82f7fb5310 00007f82f7fb530c
0x000070000bc83238:   00007f82f7fb5330 00007f82f7fb532c
0x000070000bc83248:   00007f82e830c610 000000020001c71c
0x000070000bc83258:   00007f82e830c5c0 00000000000004fe
0x000070000bc83268:   00000001f7fb5180 00007f82e830c660
0x000070000bc83278:   fffffd3000000000 00007f82f7fb52e8
0x000070000bc83288:   000004ff000005f0 ffffffffffffffff
0x000070000bc83298:   00007f82f7fb52c8 00007f82f9046800
0x000070000bc832a8:   00007f82f90b7400 00000005000fd3db
0x000070000bc832b8:   00007f82f7fb52b0 0000000000000500
0x000070000bc832c8:   000002d000a505f8 00007f82f7fb52f0
0x000070000bc832d8:   00007f82f7fb52ec 00007f82f7fb52d0
0x000070000bc832e8:   00007f82f7fb52cc 000002d000000000
0x000070000bc832f8:   00000000000004f8 00000000000002cf
0x000070000bc83308:   0000000100000000 0000000000000000
0x000070000bc83318:   0000000000000004 00000001000002cc
0x000070000bc83328:   0000000100000201 00000001000002cb 

Instructions: (pc=0x0000000134a56944)
0x0000000134a56924:   c5 79 6f 15 44 65 02 00 4d 63 c0 4d 01 c0 4c 01
0x0000000134a56934:   c7 49 f7 d8 c5 f9 6f 25 00 65 02 00 c5 fa 6f 06
0x0000000134a56944:   c5 fa 6f 56 0c c4 c2 79 00 ca c4 e2 79 00 c7 c4
0x0000000134a56954:   c2 69 00 da c4 e2 69 00 d7 48 83 c6 18 c4 c1 79 

Register to memory mapping:

RAX=0x0000000134a569a0: sws_getCachedContext+0x1c70 in /Users/leonhunter/.javacpp/cache/ffmpeg-4.1-1.4.4-macosx-x86_64.jar/org/bytedeco/javacpp/macosx-x86_64/libswscale.5.dylib at 0x00000001349ed000
RBX=0x00000000000002cf is an unknown value
RCX=0x00000001313a4100 is an unknown value
RDX=0x00000001313a4100 is an unknown value
RSP=0x000070000bc83138 is pointing into the stack for thread: 0x00007f82f8801800
RBP=0x00000000000002cf is an unknown value
RSI=0x00000001313a4fe8 is an unknown value
RDI=0x00007f82f90f2000 is an unknown value
R8 =0xfffffffffffffff0 is an unknown value
R9 =0x00007f82fb1c77e0 is an unknown value
R10=0x00000000000002d0 is an unknown value
R11=0x00000000000002cb is an unknown value
R12=0x0000000000000003 is an unknown value
R13=0x00007f82e830c5c0 is an unknown value
R14=0x0000000000000500 is an unknown value
R15=0x00007f82fb1bde00 is an unknown value


Stack: [0x000070000bb84000,0x000070000bc84000],  sp=0x000070000bc83138,  free space=1020k
Native frames: (J=compiled Java code, j=interpreted, Vv=VM code, C=native code)
C  [libswscale.5.dylib+0x69944]  sws_getCachedContext+0x1c14

Java frames: (J=compiled Java code, j=interpreted, Vv=VM code)
j  org.bytedeco.javacpp.swscale.sws_scale(Lorg/bytedeco/javacpp/swscale$SwsContext;Lorg/bytedeco/javacpp/PointerPointer;Lorg/bytedeco/javacpp/IntPointer;IILorg/bytedeco/javacpp/PointerPointer;Lorg/bytedeco/javacpp/IntPointer;)I+0
j  org.bytedeco.javacv.FFmpegFrameRecorder.recordImage(IIIIII[Ljava/nio/Buffer;)Z+607
j  org.bytedeco.javacv.FFmpegFrameRecorder.record(Lorg/bytedeco/javacv/Frame;I)V+70
j  org.bytedeco.javacv.FFmpegFrameRecorder.record(Lorg/bytedeco/javacv/Frame;)V+3
j  api.wrapper.FrameRecorderWrapper.record(Lorg/bytedeco/javacv/Frame;)V+5
j  api.wrapper.FrameGrabAndConverter.detect(Lapi/wrapper/CanvasFrameWrapper;)V+98
j  api.FaceDetector.detect()V+8
j  api.MainApplication.main([Ljava/lang/String;)V+9
v  ~StubRoutines::call_stub

---------------  P R O C E S S  ---------------

Java Threads: ( => current thread )
  0x00007f82f909c000 JavaThread "JavaCPP Deallocator" daemon [_thread_in_native, id=59171, stack(0x000070000d761000,0x000070000d861000)]
  0x00007f82fc035000 JavaThread "AWT-EventQueue-0" [_thread_blocked, id=54531, stack(0x000070000d5db000,0x000070000d6db000)]
  0x00007f82faa9c000 JavaThread "Java2D Disposer" daemon [_thread_blocked, id=76047, stack(0x000070000d4d8000,0x000070000d5d8000)]
  0x00007f82f820b000 JavaThread "Java2D Queue Flusher" daemon [_thread_blocked, id=47743, stack(0x000070000d3d5000,0x000070000d4d5000)]
  0x00007f82f9061800 JavaThread "AWT-Shutdown" [_thread_blocked, id=36395, stack(0x000070000cfc0000,0x000070000d0c0000)]
  0x00007f82f8c7d000 JavaThread "AppKit Thread" daemon [_thread_in_native, id=775, stack(0x00007ffee5f6e000,0x00007ffee676e000)]
  0x00007f82f881c000 JavaThread "Service Thread" daemon [_thread_blocked, id=16387, stack(0x000070000cdba000,0x000070000ceba000)]
  0x00007f82f8812800 JavaThread "C1 CompilerThread3" daemon [_thread_blocked, id=16899, stack(0x000070000ccb7000,0x000070000cdb7000)]
  0x00007f82f8812000 JavaThread "C2 CompilerThread2" daemon [_thread_blocked, id=17155, stack(0x000070000cbb4000,0x000070000ccb4000)]
  0x00007f82f806e000 JavaThread "C2 CompilerThread1" daemon [_thread_blocked, id=17667, stack(0x000070000cab1000,0x000070000cbb1000)]
  0x00007f82fb08a800 JavaThread "C2 CompilerThread0" daemon [_thread_blocked, id=15619, stack(0x000070000c9ae000,0x000070000caae000)]
  0x00007f82fb089000 JavaThread "Monitor Ctrl-Break" daemon [_thread_in_native, id=17923, stack(0x000070000c8ab000,0x000070000c9ab000)]
  0x00007f82f8811000 JavaThread "Signal Dispatcher" daemon [_thread_blocked, id=14859, stack(0x000070000c7a8000,0x000070000c8a8000)]
  0x00007f82fa817800 JavaThread "Finalizer" daemon [_thread_blocked, id=19715, stack(0x000070000c6a5000,0x000070000c7a5000)]
  0x00007f82fa003000 JavaThread "Reference Handler" daemon [_thread_blocked, id=20227, stack(0x000070000c5a2000,0x000070000c6a2000)]
=>0x00007f82f8801800 JavaThread "main" [_thread_in_native, id=6147, stack(0x000070000bb84000,0x000070000bc84000)]

Other Threads:
  0x00007f82f806b000 VMThread [stack: 0x000070000c49f000,0x000070000c59f000] [id=13059]
  0x00007f82f881c800 WatcherThread [stack: 0x000070000cebd000,0x000070000cfbd000] [id=43267]

VM state:not at safepoint (normal execution)

VM Mutex/Monitor currently owned by a thread: None

Heap:
 PSYoungGen      total 469504K, used 22693K [0x000000076ab00000, 0x000000078b000000, 0x00000007c0000000)
  eden space 458240K, 4% used [0x000000076ab00000,0x000000076c1296f8,0x0000000786a80000)
  from space 11264K, 0% used [0x0000000789a00000,0x0000000789a00000,0x000000078a500000)
  to   space 11264K, 0% used [0x000000078a500000,0x000000078a500000,0x000000078b000000)
 ParOldGen       total 144896K, used 60282K [0x00000006c0000000, 0x00000006c8d80000, 0x000000076ab00000)
  object space 144896K, 41% used [0x00000006c0000000,0x00000006c3ade898,0x00000006c8d80000)
 Metaspace       used 20725K, capacity 21044K, committed 21248K, reserved 1069056K
  class space    used 2338K, capacity 2442K, committed 2560K, reserved 1048576K

Card table byte_map: [0x000000010b975000,0x000000010c176000] byte_map_base: 0x0000000108375000

Marking Bits: (ParMarkBitMap*) 0x000000010aefaae0
 Begin Bits: [0x000000010c6cc000, 0x00000001106cc000)
 End Bits:   [0x00000001106cc000, 0x00000001146cc000)

Polling page: 0x0000000109517000

CodeCache: size=245760Kb used=9385Kb max_used=9399Kb free=236374Kb
 bounds [0x0000000118c4e000, 0x000000011958e000, 0x0000000127c4e000]
 total_blobs=3148 nmethods=2431 adapters=630
 compilation: enabled

Compilation events (10 events):
Event: 81.980 Thread 0x00007f82f8812800 2435       3       java.lang.ref.Reference$ReferenceHandler::run (8 bytes)
Event: 81.980 Thread 0x00007f82f8812800 nmethod 2435 0x0000000119566e50 code [0x0000000119566fc0, 0x00000001195671a8]
Event: 81.998 Thread 0x00007f82f8812000 2436 %     4       java.lang.ref.Reference$ReferenceHandler::run @ 0 (8 bytes)
Event: 81.999 Thread 0x00007f82f8812000 nmethod 2436% 0x0000000119566bd0 code [0x0000000119566d20, 0x0000000119566da8]
Event: 82.250 Thread 0x00007f82f8812800 2437 % !   3       org.bytedeco.javacpp.Pointer$DeallocatorThread::run @ 0 (29 bytes)
Event: 82.251 Thread 0x00007f82f8812800 nmethod 2437% 0x0000000119566050 code [0x0000000119566220, 0x0000000119566938]
Event: 82.252 Thread 0x00007f82f8812800 2438   !   3       org.bytedeco.javacpp.Pointer$DeallocatorThread::run (29 bytes)
Event: 82.252 Thread 0x00007f82f8812800 nmethod 2438 0x00000001195782d0 code [0x00000001195784a0, 0x0000000119578b98]
Event: 82.372 Thread 0x00007f82f806e000 2439 % !   4       org.bytedeco.javacpp.Pointer$DeallocatorThread::run @ 0 (29 bytes)
Event: 82.397 Thread 0x00007f82f806e000 nmethod 2439% 0x0000000119581f50 code [0x0000000119582160, 0x0000000119582c50]

GC Heap History (10 events):
Event: 2.309 GC heap before
{Heap before GC invocations=8 (full 0):
 PSYoungGen      total 266240K, used 262528K [0x000000076ab00000, 0x000000078b400000, 0x00000007c0000000)
  eden space 262144K, 100% used [0x000000076ab00000,0x000000077ab00000,0x000000077ab00000)
  from space 4096K, 9% used [0x000000077ab00000,0x000000077ab60000,0x000000077af00000)
  to   space 4608K, 0% used [0x000000078af80000,0x000000078af80000,0x000000078b400000)
 ParOldGen       total 175104K, used 2610K [0x00000006c0000000, 0x00000006cab00000, 0x000000076ab00000)
  object space 175104K, 1% used [0x00000006c0000000,0x00000006c028c968,0x00000006cab00000)
 Metaspace       used 14796K, capacity 15072K, committed 15232K, reserved 1062912K
  class space    used 1702K, capacity 1810K, committed 1920K, reserved 1048576K
Event: 2.310 GC heap after
Heap after GC invocations=8 (full 0):
 PSYoungGen      total 528896K, used 467K [0x000000076ab00000, 0x000000078b400000, 0x00000007c0000000)
  eden space 524288K, 0% used [0x000000076ab00000,0x000000076ab00000,0x000000078ab00000)
  from space 4608K, 10% used [0x000000078af80000,0x000000078aff4da0,0x000000078b400000)
  to   space 4608K, 0% used [0x000000078ab00000,0x000000078ab00000,0x000000078af80000)
 ParOldGen       total 175104K, used 2806K [0x00000006c0000000, 0x00000006cab00000, 0x000000076ab00000)
  object space 175104K, 1% used [0x00000006c0000000,0x00000006c02bd978,0x00000006cab00000)
 Metaspace       used 14796K, capacity 15072K, committed 15232K, reserved 1062912K
  class space    used 1702K, capacity 1810K, committed 1920K, reserved 1048576K
}
Event: 5.208 GC heap before
{Heap before GC invocations=9 (full 0):
 PSYoungGen      total 528896K, used 524755K [0x000000076ab00000, 0x000000078b400000, 0x00000007c0000000)
  eden space 524288K, 100% used [0x000000076ab00000,0x000000078ab00000,0x000000078ab00000)
  from space 4608K, 10% used [0x000000078af80000,0x000000078aff4da0,0x000000078b400000)
  to   space 4608K, 0% used [0x000000078ab00000,0x000000078ab00000,0x000000078af80000)
 ParOldGen       total 175104K, used 2806K [0x00000006c0000000, 0x00000006cab00000, 0x000000076ab00000)
  object space 175104K, 1% used [0x00000006c0000000,0x00000006c02bd978,0x00000006cab00000)
 Metaspace       used 20006K, capacity 20362K, committed 20608K, reserved 1067008K
  class space    used 2289K, capacity 2409K, committed 2432K, reserved 1048576K
Event: 5.213 GC heap after
Heap after GC invocations=9 (full 0):
 PSYoungGen      total 505856K, used 4593K [0x000000076ab00000, 0x000000078b000000, 0x00000007c0000000)
  eden space 501248K, 0% used [0x000000076ab00000,0x000000076ab00000,0x0000000789480000)
  from space 4608K, 99% used [0x000000078ab00000,0x000000078af7c720,0x000000078af80000)
  to   space 512K, 0% used [0x000000078af80000,0x000000078af80000,0x000000078b000000)
 ParOldGen       total 175104K, used 3155K [0x00000006c0000000, 0x00000006cab00000, 0x000000076ab00000)
  object space 175104K, 1% used [0x00000006c0000000,0x00000006c0314d58,0x00000006cab00000)
 Metaspace       used 20006K, capacity 20362K, committed 20608K, reserved 1067008K
  class space    used 2289K, capacity 2409K, committed 2432K, reserved 1048576K
}
Event: 16.008 GC heap before
{Heap before GC invocations=10 (full 0):
 PSYoungGen      total 505856K, used 505841K [0x000000076ab00000, 0x000000078b000000, 0x00000007c0000000)
  eden space 501248K, 100% used [0x000000076ab00000,0x0000000789480000,0x0000000789480000)
  from space 4608K, 99% used [0x000000078ab00000,0x000000078af7c720,0x000000078af80000)
  to   space 512K, 0% used [0x000000078af80000,0x000000078af80000,0x000000078b000000)
 ParOldGen       total 175104K, used 3155K [0x00000006c0000000, 0x00000006cab00000, 0x000000076ab00000)
  object space 175104K, 1% used [0x00000006c0000000,0x00000006c0314d58,0x00000006cab00000)
 Metaspace       used 20572K, capacity 20908K, committed 21248K, reserved 1069056K
  class space    used 2338K, capacity 2442K, committed 2560K, reserved 1048576K
Event: 16.020 GC heap after
Heap after GC invocations=10 (full 0):
 PSYoungGen      total 479744K, used 512K [0x000000076ab00000, 0x000000078b000000, 0x00000007c0000000)
  eden space 479232K, 0% used [0x000000076ab00000,0x000000076ab00000,0x0000000787f00000)
  from space 512K, 100% used [0x000000078af80000,0x000000078b000000,0x000000078b000000)
  to   space 11264K, 0% used [0x0000000789a00000,0x0000000789a00000,0x000000078a500000)
 ParOldGen       total 175104K, used 21133K [0x00000006c0000000, 0x00000006cab00000, 0x000000076ab00000)
  object space 175104K, 12% used [0x00000006c0000000,0x00000006c14a36b0,0x00000006cab00000)
 Metaspace       used 20572K, capacity 20908K, committed 21248K, reserved 1069056K
  class space    used 2338K, capacity 2442K, committed 2560K, reserved 1048576K
}
Event: 81.436 GC heap before
{Heap before GC invocations=11 (full 0):
 PSYoungGen      total 479744K, used 75598K [0x000000076ab00000, 0x000000078b000000, 0x00000007c0000000)
  eden space 479232K, 15% used [0x000000076ab00000,0x000000076f453878,0x0000000787f00000)
  from space 512K, 100% used [0x000000078af80000,0x000000078b000000,0x000000078b000000)
  to   space 11264K, 0% used [0x0000000789a00000,0x0000000789a00000,0x000000078a500000)
 ParOldGen       total 175104K, used 21133K [0x00000006c0000000, 0x00000006cab00000, 0x000000076ab00000)
  object space 175104K, 12% used [0x00000006c0000000,0x00000006c14a36b0,0x00000006cab00000)
 Metaspace       used 20725K, capacity 21044K, committed 21248K, reserved 1069056K
  class space    used 2338K, capacity 2442K, committed 2560K, reserved 1048576K
Event: 81.588 GC heap after
Heap after GC invocations=11 (full 0):
 PSYoungGen      total 469504K, used 11264K [0x000000076ab00000, 0x000000078b000000, 0x00000007c0000000)
  eden space 458240K, 0% used [0x000000076ab00000,0x000000076ab00000,0x0000000786a80000)
  from space 11264K, 100% used [0x0000000789a00000,0x000000078a500000,0x000000078a500000)
  to   space 11264K, 0% used [0x000000078a500000,0x000000078a500000,0x000000078b000000)
 ParOldGen       total 175104K, used 55493K [0x00000006c0000000, 0x00000006cab00000, 0x000000076ab00000)
  object space 175104K, 31% used [0x00000006c0000000,0x00000006c36316c0,0x00000006cab00000)
 Metaspace       used 20725K, capacity 21044K, committed 21248K, reserved 1069056K
  class space    used 2338K, capacity 2442K, committed 2560K, reserved 1048576K
}
Event: 81.588 GC heap before
{Heap before GC invocations=12 (full 1):
 PSYoungGen      total 469504K, used 11264K [0x000000076ab00000, 0x000000078b000000, 0x00000007c0000000)
  eden space 458240K, 0% used [0x000000076ab00000,0x000000076ab00000,0x0000000786a80000)
  from space 11264K, 100% used [0x0000000789a00000,0x000000078a500000,0x000000078a500000)
  to   space 11264K, 0% used [0x000000078a500000,0x000000078a500000,0x000000078b000000)
 ParOldGen       total 175104K, used 55493K [0x00000006c0000000, 0x00000006cab00000, 0x000000076ab00000)
  object space 175104K, 31% used [0x00000006c0000000,0x00000006c36316c0,0x00000006cab00000)
 Metaspace       used 20725K, capacity 21044K, committed 21248K, reserved 1069056K
  class space    used 2338K, capacity 2442K, committed 2560K, reserved 1048576K
Event: 81.944 GC heap after
Heap after GC invocations=12 (full 1):
 PSYoungGen      total 469504K, used 0K [0x000000076ab00000, 0x000000078b000000, 0x00000007c0000000)
  eden space 458240K, 0% used [0x000000076ab00000,0x000000076ab00000,0x0000000786a80000)
  from space 11264K, 0% used [0x0000000789a00000,0x0000000789a00000,0x000000078a500000)
  to   space 11264K, 0% used [0x000000078a500000,0x000000078a500000,0x000000078b000000)
 ParOldGen       total 144896K, used 60282K [0x00000006c0000000, 0x00000006c8d80000, 0x000000076ab00000)
  object space 144896K, 41% used [0x00000006c0000000,0x00000006c3ade898,0x00000006c8d80000)
 Metaspace       used 20725K, capacity 21044K, committed 21248K, reserved 1069056K
  class space    used 2338K, capacity 2442K, committed 2560K, reserved 1048576K
}

Deoptimization events (10 events):
Event: 2.680 Thread 0x00007f82f8801800 Uncommon trap: reason=unstable_if action=reinterpret pc=0x00000001190f09dc method=java.lang.CharacterDataLatin1.digit(II)I @ 82
Event: 2.749 Thread 0x00007f82f8801800 Uncommon trap: reason=unstable_if action=reinterpret pc=0x000000011919f86c method=java.util.Arrays.equals([B[B)Z @ 41
Event: 2.749 Thread 0x00007f82f8801800 Uncommon trap: reason=unstable_if action=reinterpret pc=0x0000000118e53e00 method=java.lang.String.replace(CC)Ljava/lang/String; @ 26
Event: 2.750 Thread 0x00007f82f8801800 Uncommon trap: reason=unstable_if action=reinterpret pc=0x0000000118fb5660 method=java.lang.String.indexOf([CII[CIII)I @ 27
Event: 2.755 Thread 0x00007f82f8801800 Uncommon trap: reason=unstable_if action=reinterpret pc=0x00000001190c24c0 method=java.util.ArrayList.toArray([Ljava/lang/Object;)[Ljava/lang/Object; @ 48
Event: 2.889 Thread 0x00007f82f8801800 Uncommon trap: reason=unstable_if action=reinterpret pc=0x000000011907575c method=java.lang.String.indexOf([CII[CIII)I @ 27
Event: 2.889 Thread 0x00007f82f8801800 Uncommon trap: reason=unstable_if action=reinterpret pc=0x0000000118ef1710 method=java.lang.String.indexOf([CII[CIII)I @ 27
Event: 2.890 Thread 0x00007f82f8801800 Uncommon trap: reason=predicate action=maybe_recompile pc=0x00000001192516c4 method=java.util.regex.Pattern$SliceI.match(Ljava/util/regex/Matcher;ILjava/lang/CharSequence;)Z @ 21
Event: 6.568 Thread 0x00007f82f8801800 Uncommon trap: reason=unstable_if action=reinterpret pc=0x00000001193f40d4 method=java.lang.ClassLoader.loadLibrary0(Ljava/lang/Class;Ljava/io/File;)Z @ 138
Event: 7.475 Thread 0x00007f82f8801800 Uncommon trap: reason=unstable_if action=reinterpret pc=0x0000000119429f34 method=org.bytedeco.javacv.Java2DFrameConverter.flipCopyWithGamma(Ljava/nio/ByteBuffer;ILjava/nio/ByteBuffer;IZDZI)V @ 50

Classes redefined (0 events):
No events

Internal exceptions (10 events):
Event: 0.370 Thread 0x00007f82f8801800 Exception <a 'java/io/FileNotFoundException'> (0x000000076b457ad0) thrown at [/Users/java_re/workspace/8-2-build-macosx-x86_64/jdk8u172/10810/hotspot/src/share/vm/prims/jni.cpp, line 709]
Event: 0.371 Thread 0x00007f82f8801800 Exception <a 'java/io/FileNotFoundException'> (0x000000076b458658) thrown at [/Users/java_re/workspace/8-2-build-macosx-x86_64/jdk8u172/10810/hotspot/src/share/vm/prims/jni.cpp, line 709]
Event: 0.482 Thread 0x00007f82f8801800 Implicit null exception at 0x0000000118e1ddb6 to 0x0000000118e1e175
Event: 0.787 Thread 0x00007f82f8801800 Exception <a 'java/lang/reflect/InvocationTargetException'> (0x000000076cdc8c80) thrown at [/Users/java_re/workspace/8-2-build-macosx-x86_64/jdk8u172/10810/hotspot/src/share/vm/runtime/reflection.cpp, line 1092]
Event: 0.913 Thread 0x00007f82fa817800 Exception <a 'java/lang/NullPointerException'> (0x000000076ac374c0) thrown at [/Users/java_re/workspace/8-2-build-macosx-x86_64/jdk8u172/10810/hotspot/src/share/vm/interpreter/linkResolver.cpp, line 1185]
Event: 0.955 Thread 0x00007f82f8801800 Exception <a 'java/lang/UnsatisfiedLinkError': cl.eye.CLCamera.CLEyeGetCameraCount()I> (0x000000076b8e5c48) thrown at [/Users/java_re/workspace/8-2-build-macosx-x86_64/jdk8u172/10810/hotspot/src/share/vm/prims/nativeLookup.cpp, line 378]
Event: 0.955 Thread 0x00007f82f8801800 Exception <a 'java/lang/reflect/InvocationTargetException'> (0x000000076b8e5e50) thrown at [/Users/java_re/workspace/8-2-build-macosx-x86_64/jdk8u172/10810/hotspot/src/share/vm/runtime/reflection.cpp, line 1092]
Event: 0.957 Thread 0x00007f82f8801800 Exception <a 'java/lang/reflect/InvocationTargetException'> (0x000000076b912f98) thrown at [/Users/java_re/workspace/8-2-build-macosx-x86_64/jdk8u172/10810/hotspot/src/share/vm/runtime/reflection.cpp, line 1092]
Event: 1.758 Thread 0x00007f82f8801800 Exception <a 'java/lang/reflect/InvocationTargetException'> (0x000000077270d970) thrown at [/Users/java_re/workspace/8-2-build-macosx-x86_64/jdk8u172/10810/hotspot/src/share/vm/runtime/reflection.cpp, line 1092]
Event: 2.945 Thread 0x00007f82f8801800 Exception <a 'java/lang/NullPointerException'> (0x0000000775e84cd0) thrown at [/Users/java_re/workspace/8-2-build-macosx-x86_64/jdk8u172/10810/hotspot/src/share/vm/interpreter/linkResolver.cpp, line 1185]

Events (10 events):
Event: 48.141 Thread 0x00007f82f8812800 flushing nmethod 0x0000000118d5f350
Event: 48.141 Thread 0x00007f82f8812800 flushing nmethod 0x0000000118d607d0
Event: 48.141 Thread 0x00007f82f8812800 flushing nmethod 0x0000000118d658d0
Event: 48.142 Thread 0x00007f82f8812800 flushing nmethod 0x0000000118dec850
Event: 81.436 Executing VM operation: CollectForMetadataAllocation
Event: 81.944 Executing VM operation: CollectForMetadataAllocation done
Event: 82.002 Thread 0x00007f82fa003000 DEOPT PACKING pc=0x000000011956b705 sp=0x000070000c6a1920
Event: 82.002 Thread 0x00007f82fa003000 DEOPT UNPACKING pc=0x0000000118c95784 sp=0x000070000c6a1670 mode 0
Event: 82.417 Thread 0x00007f82f909c000 DEOPT PACKING pc=0x0000000119566806 sp=0x000070000d860910
Event: 82.417 Thread 0x00007f82f909c000 DEOPT UNPACKING pc=0x0000000118c95784 sp=0x000070000d860668 mode 0


Dynamic libraries:
0x00007fff55096000 	/System/Library/Frameworks/Cocoa.framework/Versions/A/Cocoa
0x00007fff616b1000 	/System/Library/Frameworks/Security.framework/Versions/A/Security
0x00007fff53cd8000 	/System/Library/Frameworks/ApplicationServices.framework/Versions/A/ApplicationServices
0x00007fff7d509000 	/usr/lib/libz.1.dylib
0x00007fff7b43a000 	/usr/lib/libSystem.B.dylib
0x00007fff7caf3000 	/usr/lib/libobjc.A.dylib
0x00007fff55849000 	/System/Library/Frameworks/CoreFoundation.framework/Versions/A/CoreFoundation
0x00007fff579aa000 	/System/Library/Frameworks/Foundation.framework/Versions/C/Foundation
0x00007fff52e28000 	/System/Library/Frameworks/AppKit.framework/Versions/C/AppKit
0x00007fff5540e000 	/System/Library/Frameworks/CoreData.framework/Versions/A/CoreData
0x00007fff74d7a000 	/System/Library/PrivateFrameworks/RemoteViewServices.framework/Versions/A/RemoteViewServices
0x00007fff794df000 	/System/Library/PrivateFrameworks/UIFoundation.framework/Versions/A/UIFoundation
0x00007fff69b79000 	/System/Library/PrivateFrameworks/DFRFoundation.framework/Versions/A/DFRFoundation
0x00007fff5a016000 	/System/Library/Frameworks/Metal.framework/Versions/A/Metal
0x00007fff69d16000 	/System/Library/PrivateFrameworks/DesktopServicesPriv.framework/Versions/A/DesktopServicesPriv
0x00007fff7c040000 	/usr/lib/libenergytrace.dylib
0x00007fff7754a000 	/System/Library/PrivateFrameworks/SkyLight.framework/Versions/A/SkyLight
0x00007fff55cec000 	/System/Library/Frameworks/CoreGraphics.framework/Versions/A/CoreGraphics
0x00007fff7b435000 	/usr/lib/libScreenReader.dylib
0x00007fff51dc2000 	/System/Library/Frameworks/Accelerate.framework/Versions/A/Accelerate
0x00007fff58124000 	/System/Library/Frameworks/IOSurface.framework/Versions/A/IOSurface
0x00007fff54222000 	/System/Library/Frameworks/AudioToolbox.framework/Versions/A/AudioToolbox
0x00007fff544b2000 	/System/Library/Frameworks/AudioUnit.framework/Versions/A/AudioUnit
0x00007fff69c11000 	/System/Library/PrivateFrameworks/DataDetectorsCore.framework/Versions/A/DataDetectorsCore
0x00007fff54b89000 	/System/Library/Frameworks/Carbon.framework/Versions/A/Frameworks/HIToolbox.framework/Versions/A/HIToolbox
0x00007fff7c19a000 	/usr/lib/libicucore.A.dylib
0x00007fff60c2e000 	/System/Library/Frameworks/QuartzCore.framework/Versions/A/QuartzCore
0x00007fff76801000 	/System/Library/PrivateFrameworks/SignpostNotification.framework/Versions/A/SignpostNotification
0x00007fff54f6f000 	/System/Library/Frameworks/Carbon.framework/Versions/A/Frameworks/SpeechRecognition.framework/Versions/A/SpeechRecognition
0x00007fff7b596000 	/usr/lib/libauto.dylib
0x00007fff7d3f8000 	/usr/lib/libxml2.2.dylib
0x00007fff697ca000 	/System/Library/PrivateFrameworks/CoreUI.framework/Versions/A/CoreUI
0x00007fff552ea000 	/System/Library/Frameworks/CoreAudio.framework/Versions/A/CoreAudio
0x00007fff577e4000 	/System/Library/Frameworks/DiskArbitration.framework/Versions/A/DiskArbitration
0x00007fff7c40e000 	/usr/lib/liblangid.dylib
0x00007fff71284000 	/System/Library/PrivateFrameworks/MultitouchSupport.framework/Versions/A/MultitouchSupport
0x00007fff58087000 	/System/Library/Frameworks/IOKit.framework/Versions/A/IOKit
0x00007fff7b0c4000 	/usr/lib/libDiagnosticMessagesClient.dylib
0x00007fff569c2000 	/System/Library/Frameworks/CoreServices.framework/Versions/A/CoreServices
0x00007fff72db6000 	/System/Library/PrivateFrameworks/PerformanceAnalysis.framework/Versions/A/PerformanceAnalysis
0x00007fff5fdd0000 	/System/Library/Frameworks/OpenGL.framework/Versions/A/OpenGL
0x00007fff550a4000 	/System/Library/Frameworks/ColorSync.framework/Versions/A/ColorSync
0x00007fff562fe000 	/System/Library/Frameworks/CoreImage.framework/Versions/A/CoreImage
0x00007fff57352000 	/System/Library/Frameworks/CoreText.framework/Versions/A/CoreText
0x00007fff58182000 	/System/Library/Frameworks/ImageIO.framework/Versions/A/ImageIO
0x00007fff664c1000 	/System/Library/PrivateFrameworks/Backup.framework/Versions/A/Backup
0x00007fff7b4e6000 	/usr/lib/libarchive.2.dylib
0x00007fff547d5000 	/System/Library/Frameworks/CFNetwork.framework/Versions/A/CFNetwork
0x00007fff61e44000 	/System/Library/Frameworks/SystemConfiguration.framework/Versions/A/SystemConfiguration
0x00007fff7afed000 	/usr/lib/libCRFSuite.dylib
0x00007fff7b66f000 	/usr/lib/libc++.1.dylib
0x00007fff7b6c6000 	/usr/lib/libc++abi.dylib
0x00007fff7d5b7000 	/usr/lib/system/libcache.dylib
0x00007fff7d5bc000 	/usr/lib/system/libcommonCrypto.dylib
0x00007fff7d5c7000 	/usr/lib/system/libcompiler_rt.dylib
0x00007fff7d5cf000 	/usr/lib/system/libcopyfile.dylib
0x00007fff7d5d9000 	/usr/lib/system/libcorecrypto.dylib
0x00007fff7d6e6000 	/usr/lib/system/libdispatch.dylib
0x00007fff7d720000 	/usr/lib/system/libdyld.dylib
0x00007fff7d73e000 	/usr/lib/system/libkeymgr.dylib
0x00007fff7d74c000 	/usr/lib/system/liblaunch.dylib
0x00007fff7d74d000 	/usr/lib/system/libmacho.dylib
0x00007fff7d752000 	/usr/lib/system/libquarantine.dylib
0x00007fff7d755000 	/usr/lib/system/libremovefile.dylib
0x00007fff7d757000 	/usr/lib/system/libsystem_asl.dylib
0x00007fff7d76f000 	/usr/lib/system/libsystem_blocks.dylib
0x00007fff7d770000 	/usr/lib/system/libsystem_c.dylib
0x00007fff7d7fa000 	/usr/lib/system/libsystem_configuration.dylib
0x00007fff7d7fe000 	/usr/lib/system/libsystem_coreservices.dylib
0x00007fff7d802000 	/usr/lib/system/libsystem_darwin.dylib
0x00007fff7d804000 	/usr/lib/system/libsystem_dnssd.dylib
0x00007fff7d80b000 	/usr/lib/system/libsystem_info.dylib
0x00007fff7d87c000 	/usr/lib/system/libsystem_m.dylib
0x00007fff7d8c8000 	/usr/lib/system/libsystem_malloc.dylib
0x00007fff7d8e8000 	/usr/lib/system/libsystem_network.dylib
0x00007fff7da19000 	/usr/lib/system/libsystem_networkextension.dylib
0x00007fff7da24000 	/usr/lib/system/libsystem_notify.dylib
0x00007fff7da42000 	/usr/lib/system/libsystem_sandbox.dylib
0x00007fff7da46000 	/usr/lib/system/libsystem_secinit.dylib
0x00007fff7d855000 	/usr/lib/system/libsystem_kernel.dylib
0x00007fff7da2e000 	/usr/lib/system/libsystem_platform.dylib
0x00007fff7da36000 	/usr/lib/system/libsystem_pthread.dylib
0x00007fff7da48000 	/usr/lib/system/libsystem_symptoms.dylib
0x00007fff7da50000 	/usr/lib/system/libsystem_trace.dylib
0x00007fff7da65000 	/usr/lib/system/libunwind.dylib
0x00007fff7da6b000 	/usr/lib/system/libxpc.dylib
0x00007fff7af00000 	/usr/lib/closure/libclosured.dylib
0x00007fff7b650000 	/usr/lib/libbsm.0.dylib
0x00007fff7d73f000 	/usr/lib/system/libkxld.dylib
0x00007fff7b2fe000 	/usr/lib/libOpenScriptingUtil.dylib
0x00007fff7b9bf000 	/usr/lib/libcoretls.dylib
0x00007fff7b9d8000 	/usr/lib/libcoretls_cfhelpers.dylib
0x00007fff7cef4000 	/usr/lib/libpam.2.dylib
0x00007fff7d01b000 	/usr/lib/libsqlite3.dylib
0x00007fff7d3e7000 	/usr/lib/libxar.1.dylib
0x00007fff7b661000 	/usr/lib/libbz2.1.0.dylib
0x00007fff7c410000 	/usr/lib/liblzma.5.dylib
0x00007fff7c8f1000 	/usr/lib/libnetwork.dylib
0x00007fff7b4cf000 	/usr/lib/libapple_nghttp2.dylib
0x00007fff7cefb000 	/usr/lib/libpcap.A.dylib
0x00007fff7b597000 	/usr/lib/libboringssl.dylib
0x00007fff7d382000 	/usr/lib/libusrtcp.dylib
0x00007fff7b4ce000 	/usr/lib/libapple_crypto.dylib
0x00007fff56d45000 	/System/Library/Frameworks/CoreServices.framework/Versions/A/Frameworks/FSEvents.framework/Versions/A/FSEvents
0x00007fff56a38000 	/System/Library/Frameworks/CoreServices.framework/Versions/A/Frameworks/CarbonCore.framework/Versions/A/CarbonCore
0x00007fff56f0c000 	/System/Library/Frameworks/CoreServices.framework/Versions/A/Frameworks/Metadata.framework/Versions/A/Metadata
0x00007fff56fbd000 	/System/Library/Frameworks/CoreServices.framework/Versions/A/Frameworks/OSServices.framework/Versions/A/OSServices
0x00007fff5701e000 	/System/Library/Frameworks/CoreServices.framework/Versions/A/Frameworks/SearchKit.framework/Versions/A/SearchKit
0x00007fff569c3000 	/System/Library/Frameworks/CoreServices.framework/Versions/A/Frameworks/AE.framework/Versions/A/AE
0x00007fff56d4e000 	/System/Library/Frameworks/CoreServices.framework/Versions/A/Frameworks/LaunchServices.framework/Versions/A/LaunchServices
0x00007fff56d10000 	/System/Library/Frameworks/CoreServices.framework/Versions/A/Frameworks/DictionaryServices.framework/Versions/A/DictionaryServices
0x00007fff5708d000 	/System/Library/Frameworks/CoreServices.framework/Versions/A/Frameworks/SharedFileList.framework/Versions/A/SharedFileList
0x00007fff5b24c000 	/System/Library/Frameworks/NetFS.framework/Versions/A/NetFS
0x00007fff71515000 	/System/Library/PrivateFrameworks/NetAuth.framework/Versions/A/NetAuth
0x00007fff7ad97000 	/System/Library/PrivateFrameworks/login.framework/Versions/A/Frameworks/loginsupport.framework/Versions/A/loginsupport
0x00007fff7915c000 	/System/Library/PrivateFrameworks/TCC.framework/Versions/A/TCC
0x00007fff7c4f1000 	/usr/lib/libmecabra.dylib
0x00007fff53cd9000 	/System/Library/Frameworks/ApplicationServices.framework/Versions/A/Frameworks/ATS.framework/Versions/A/ATS
0x00007fff54087000 	/System/Library/Frameworks/ApplicationServices.framework/Versions/A/Frameworks/ColorSyncLegacy.framework/Versions/A/ColorSyncLegacy
0x00007fff5412b000 	/System/Library/Frameworks/ApplicationServices.framework/Versions/A/Frameworks/HIServices.framework/Versions/A/HIServices
0x00007fff5417e000 	/System/Library/Frameworks/ApplicationServices.framework/Versions/A/Frameworks/LangAnalysis.framework/Versions/A/LangAnalysis
0x00007fff5418d000 	/System/Library/Frameworks/ApplicationServices.framework/Versions/A/Frameworks/PrintCore.framework/Versions/A/PrintCore
0x00007fff541da000 	/System/Library/Frameworks/ApplicationServices.framework/Versions/A/Frameworks/QD.framework/Versions/A/QD
0x00007fff54215000 	/System/Library/Frameworks/ApplicationServices.framework/Versions/A/Frameworks/SpeechSynthesis.framework/Versions/A/SpeechSynthesis
0x00007fff55765000 	/System/Library/Frameworks/CoreDisplay.framework/Versions/A/CoreDisplay
0x00007fff51dda000 	/System/Library/Frameworks/Accelerate.framework/Versions/A/Frameworks/vImage.framework/Versions/A/vImage
0x00007fff52b34000 	/System/Library/Frameworks/Accelerate.framework/Versions/A/Frameworks/vecLib.framework/Versions/A/vecLib
0x00007fff528d4000 	/System/Library/Frameworks/Accelerate.framework/Versions/A/Frameworks/vecLib.framework/Versions/A/libvDSP.dylib
0x00007fff52434000 	/System/Library/Frameworks/Accelerate.framework/Versions/A/Frameworks/vecLib.framework/Versions/A/libBNNS.dylib
0x00007fff52839000 	/System/Library/Frameworks/Accelerate.framework/Versions/A/Frameworks/vecLib.framework/Versions/A/libQuadrature.dylib
0x00007fff52a82000 	/System/Library/Frameworks/Accelerate.framework/Versions/A/Frameworks/vecLib.framework/Versions/A/libvMisc.dylib
0x00007fff52463000 	/System/Library/Frameworks/Accelerate.framework/Versions/A/Frameworks/vecLib.framework/Versions/A/libLAPACK.dylib
0x00007fff522d9000 	/System/Library/Frameworks/Accelerate.framework/Versions/A/Frameworks/vecLib.framework/Versions/A/libBLAS.dylib
0x00007fff52823000 	/System/Library/Frameworks/Accelerate.framework/Versions/A/Frameworks/vecLib.framework/Versions/A/libLinearAlgebra.dylib
0x00007fff5283f000 	/System/Library/Frameworks/Accelerate.framework/Versions/A/Frameworks/vecLib.framework/Versions/A/libSparse.dylib
0x00007fff528c0000 	/System/Library/Frameworks/Accelerate.framework/Versions/A/Frameworks/vecLib.framework/Versions/A/libSparseBLAS.dylib
0x00007fff6e355000 	/System/Library/PrivateFrameworks/GPUWrangler.framework/Versions/A/GPUWrangler
0x00007fff6fae6000 	/System/Library/PrivateFrameworks/IOAccelerator.framework/Versions/A/IOAccelerator
0x00007fff6faf1000 	/System/Library/PrivateFrameworks/IOPresentment.framework/Versions/A/IOPresentment
0x00007fff69b8b000 	/System/Library/PrivateFrameworks/DSExternalDisplay.framework/Versions/A/DSExternalDisplay
0x00007fff5f24f000 	/System/Library/Frameworks/OpenGL.framework/Versions/A/Libraries/libCoreFSCache.dylib
0x00007fff574a3000 	/System/Library/Frameworks/CoreVideo.framework/Versions/A/CoreVideo
0x00007fff6f0d0000 	/System/Library/PrivateFrameworks/GraphVisualizer.framework/Versions/A/GraphVisualizer
0x00007fff5a24d000 	/System/Library/Frameworks/MetalPerformanceShaders.framework/Versions/A/MetalPerformanceShaders
0x00007fff7b0fc000 	/usr/lib/libFosl_dynamic.dylib
0x00007fff6ac5f000 	/System/Library/PrivateFrameworks/FaceCore.framework/Versions/A/FaceCore
0x00007fff5e04a000 	/System/Library/Frameworks/OpenCL.framework/Versions/A/OpenCL
0x00007fff7b6fd000 	/usr/lib/libcompression.dylib
0x00007fff53dd8000 	/System/Library/Frameworks/ApplicationServices.framework/Versions/A/Frameworks/ATS.framework/Versions/A/Resources/libFontParser.dylib
0x00007fff53efb000 	/System/Library/Frameworks/ApplicationServices.framework/Versions/A/Frameworks/ATS.framework/Versions/A/Resources/libFontRegistry.dylib
0x00007fff583ea000 	/System/Library/Frameworks/ImageIO.framework/Versions/A/Resources/libJPEG.dylib
0x00007fff58713000 	/System/Library/Frameworks/ImageIO.framework/Versions/A/Resources/libTIFF.dylib
0x00007fff586e9000 	/System/Library/Frameworks/ImageIO.framework/Versions/A/Resources/libPng.dylib
0x00007fff582fd000 	/System/Library/Frameworks/ImageIO.framework/Versions/A/Resources/libGIF.dylib
0x00007fff58302000 	/System/Library/Frameworks/ImageIO.framework/Versions/A/Resources/libJP2.dylib
0x00007fff58710000 	/System/Library/Frameworks/ImageIO.framework/Versions/A/Resources/libRadiance.dylib
0x00007fff65bec000 	/System/Library/PrivateFrameworks/AppleJPEG.framework/Versions/A/AppleJPEG
0x00007fff5a0b4000 	/System/Library/Frameworks/MetalPerformanceShaders.framework/Frameworks/MPSCore.framework/Versions/A/MPSCore
0x00007fff5a0d0000 	/System/Library/Frameworks/MetalPerformanceShaders.framework/Frameworks/MPSImage.framework/Versions/A/MPSImage
0x00007fff5a165000 	/System/Library/Frameworks/MetalPerformanceShaders.framework/Frameworks/MPSNeuralNetwork.framework/Versions/A/MPSNeuralNetwork
0x00007fff5a140000 	/System/Library/Frameworks/MetalPerformanceShaders.framework/Frameworks/MPSMatrix.framework/Versions/A/MPSMatrix
0x00007fff70fe7000 	/System/Library/PrivateFrameworks/MetalTools.framework/Versions/A/MetalTools
0x00007fff5f41a000 	/System/Library/Frameworks/OpenGL.framework/Versions/A/Libraries/libGLU.dylib
0x00007fff5f25a000 	/System/Library/Frameworks/OpenGL.framework/Versions/A/Libraries/libGFXShared.dylib
0x00007fff5f264000 	/System/Library/Frameworks/OpenGL.framework/Versions/A/Libraries/libGL.dylib
0x00007fff5f270000 	/System/Library/Frameworks/OpenGL.framework/Versions/A/Libraries/libGLImage.dylib
0x00007fff5f24c000 	/System/Library/Frameworks/OpenGL.framework/Versions/A/Libraries/libCVMSPluginSupport.dylib
0x00007fff5f255000 	/System/Library/Frameworks/OpenGL.framework/Versions/A/Libraries/libCoreVMClient.dylib
0x00007fff7beaa000 	/usr/lib/libcups.2.dylib
0x00007fff5961b000 	/System/Library/Frameworks/Kerberos.framework/Versions/A/Kerberos
0x00007fff57de1000 	/System/Library/Frameworks/GSS.framework/Versions/A/GSS
0x00007fff7cfae000 	/usr/lib/libresolv.9.dylib
0x00007fff7c0a8000 	/usr/lib/libiconv.2.dylib
0x00007fff6f162000 	/System/Library/PrivateFrameworks/Heimdal.framework/Versions/A/Heimdal
0x00007fff7c077000 	/usr/lib/libheimdal-asn1.dylib
0x00007fff5e0c2000 	/System/Library/Frameworks/OpenDirectory.framework/Versions/A/OpenDirectory
0x00007fff67f02000 	/System/Library/PrivateFrameworks/CommonAuth.framework/Versions/A/CommonAuth
0x00007fff5e0a5000 	/System/Library/Frameworks/OpenDirectory.framework/Versions/A/Frameworks/CFOpenDirectory.framework/Versions/A/CFOpenDirectory
0x00007fff619dd000 	/System/Library/Frameworks/SecurityFoundation.framework/Versions/A/SecurityFoundation
0x00007fff64db1000 	/System/Library/PrivateFrameworks/APFS.framework/Versions/A/APFS
0x00007fff7d3e3000 	/usr/lib/libutil.dylib
0x00007fff65c6f000 	/System/Library/PrivateFrameworks/AppleSauce.framework/Versions/A/AppleSauce
0x00007fff702ce000 	/System/Library/PrivateFrameworks/LinguisticData.framework/Versions/A/LinguisticData
0x00007fff7c42a000 	/usr/lib/libmarisa.dylib
0x00007fff70288000 	/System/Library/PrivateFrameworks/Lexicon.framework/Versions/A/Lexicon
0x00007fff7b027000 	/usr/lib/libChineseTokenizer.dylib
0x00007fff7b6ec000 	/usr/lib/libcmph.dylib
0x00007fff70192000 	/System/Library/PrivateFrameworks/LanguageModeling.framework/Versions/A/LanguageModeling
0x00007fff68a11000 	/System/Library/PrivateFrameworks/CoreEmoji.framework/Versions/A/CoreEmoji
0x00007fff61a9b000 	/System/Library/Frameworks/ServiceManagement.framework/Versions/A/ServiceManagement
0x00007fff664b9000 	/System/Library/PrivateFrameworks/BackgroundTaskManagement.framework/Versions/A/BackgroundTaskManagement
0x00007fff7d4e0000 	/usr/lib/libxslt.1.dylib
0x00007fff54e99000 	/System/Library/Frameworks/Carbon.framework/Versions/A/Frameworks/Ink.framework/Versions/A/Ink
0x00007fff79371000 	/System/Library/PrivateFrameworks/TextureIO.framework/Versions/A/TextureIO
0x00007fff7b511000 	/usr/lib/libate.dylib
0x00007fff69aeb000 	/System/Library/PrivateFrameworks/CrashReporterSupport.framework/Versions/A/CrashReporterSupport
0x00007fff766c1000 	/System/Library/PrivateFrameworks/Sharing.framework/Versions/A/Sharing
0x00007fff6fed3000 	/System/Library/PrivateFrameworks/IconServices.framework/Versions/A/IconServices
0x00007fff660e9000 	/System/Library/PrivateFrameworks/AuthKit.framework/Versions/A/AuthKit
0x00007fff65a6f000 	/System/Library/PrivateFrameworks/Apple80211.framework/Versions/A/Apple80211
0x00007fff69900000 	/System/Library/PrivateFrameworks/CoreUtils.framework/Versions/A/CoreUtils
0x00007fff574de000 	/System/Library/Frameworks/CoreWLAN.framework/Versions/A/CoreWLAN
0x00007fff57f23000 	/System/Library/Frameworks/IOBluetooth.framework/Versions/A/IOBluetooth
0x00007fff74b85000 	/System/Library/PrivateFrameworks/ProtocolBuffer.framework/Versions/A/ProtocolBuffer
0x00007fff711df000 	/System/Library/PrivateFrameworks/MobileKeyBag.framework/Versions/A/MobileKeyBag
0x00007fff691b5000 	/System/Library/PrivateFrameworks/CorePhoneNumbers.framework/Versions/A/CorePhoneNumbers
0x00007fff65ba7000 	/System/Library/PrivateFrameworks/AppleIDAuthSupport.framework/Versions/A/AppleIDAuthSupport
0x00007fff7017e000 	/System/Library/PrivateFrameworks/KeychainCircle.framework/Versions/A/KeychainCircle
0x00007fff69a86000 	/System/Library/PrivateFrameworks/CoreWiFi.framework/Versions/A/CoreWiFi
0x00007fff553e4000 	/System/Library/Frameworks/CoreBluetooth.framework/Versions/A/CoreBluetooth
0x00007fff69cd5000 	/System/Library/PrivateFrameworks/DebugSymbols.framework/Versions/A/DebugSymbols
0x00007fff696b6000 	/System/Library/PrivateFrameworks/CoreSymbolication.framework/Versions/A/CoreSymbolication
0x00007fff78b62000 	/System/Library/PrivateFrameworks/Symbolication.framework/Versions/A/Symbolication
0x00007fff65a99000 	/System/Library/PrivateFrameworks/AppleFSCompression.framework/Versions/A/AppleFSCompression
0x00007fff77faf000 	/System/Library/PrivateFrameworks/SpeechRecognitionCore.framework/Versions/A/SpeechRecognitionCore
0x000000010a600000 	/Library/Java/JavaVirtualMachines/jdk1.8.0_172.jdk/Contents/Home/jre/lib/server/libjvm.dylib
0x00007fff7d2b0000 	/usr/lib/libstdc++.6.0.9.dylib
0x00000001094d3000 	/Library/Java/JavaVirtualMachines/jdk1.8.0_172.jdk/Contents/Home/jre/lib/libverify.dylib
0x00000001094e1000 	/Library/Java/JavaVirtualMachines/jdk1.8.0_172.jdk/Contents/Home/jre/lib/libjava.dylib
0x0000000109518000 	/Library/Java/JavaVirtualMachines/jdk1.8.0_172.jdk/Contents/Home/jre/lib/libinstrument.dylib
0x00000001095b6000 	/Library/Java/JavaVirtualMachines/jdk1.8.0_172.jdk/Contents/Home/jre/lib/libzip.dylib
0x00000001179d6000 	/Library/Java/JavaVirtualMachines/jdk1.8.0_172.jdk/Contents/Home/jre/lib/libnet.dylib
0x0000000117a35000 	/Library/Java/JavaVirtualMachines/jdk1.8.0_172.jdk/Contents/Home/jre/lib/libawt.dylib
0x0000000117adf000 	/Library/Java/JavaVirtualMachines/jdk1.8.0_172.jdk/Contents/Home/jre/lib/./libmlib_image.dylib
0x00007fff59604000 	/System/Library/Frameworks/JavaVM.framework/Versions/A/Frameworks/JavaNativeFoundation.framework/Versions/A/JavaNativeFoundation
0x00007fff5960d000 	/System/Library/Frameworks/JavaVM.framework/Versions/A/Frameworks/JavaRuntimeSupport.framework/Versions/A/JavaRuntimeSupport
0x00007fff59616000 	/System/Library/Frameworks/JavaVM.framework/Versions/A/JavaVM
0x00007fff70094000 	/System/Library/PrivateFrameworks/JavaLaunching.framework/Versions/A/JavaLaunching
0x00007fff54b84000 	/System/Library/Frameworks/Carbon.framework/Versions/A/Carbon
0x00007fff54b85000 	/System/Library/Frameworks/Carbon.framework/Versions/A/Frameworks/CommonPanels.framework/Versions/A/CommonPanels
0x00007fff54e8f000 	/System/Library/Frameworks/Carbon.framework/Versions/A/Frameworks/Help.framework/Versions/A/Help
0x00007fff54e93000 	/System/Library/Frameworks/Carbon.framework/Versions/A/Frameworks/ImageCapture.framework/Versions/A/ImageCapture
0x00007fff54f2f000 	/System/Library/Frameworks/Carbon.framework/Versions/A/Frameworks/OpenScripting.framework/Versions/A/OpenScripting
0x00007fff54f6a000 	/System/Library/Frameworks/Carbon.framework/Versions/A/Frameworks/Print.framework/Versions/A/Print
0x00007fff54f6c000 	/System/Library/Frameworks/Carbon.framework/Versions/A/Frameworks/SecurityHI.framework/Versions/A/SecurityHI
0x0000000117bab000 	/Library/Java/JavaVirtualMachines/jdk1.8.0_172.jdk/Contents/Home/jre/lib/libawt_lwawt.dylib
0x0000000117c65000 	/Library/Java/JavaVirtualMachines/jdk1.8.0_172.jdk/Contents/Home/jre/lib/./libosxapp.dylib
0x00007fff57983000 	/System/Library/Frameworks/ExceptionHandling.framework/Versions/A/ExceptionHandling
0x00007fff69348000 	/System/Library/PrivateFrameworks/CoreServicesInternal.framework/Versions/A/CoreServicesInternal
0x00007fff4de00000 	/System/Library/CoreServices/RawCamera.bundle/Contents/MacOS/RawCamera
0x00007fff71059000 	/System/Library/PrivateFrameworks/MobileAsset.framework/Versions/A/MobileAsset
0x00007fff78469000 	/System/Library/PrivateFrameworks/StreamingZip.framework/Versions/A/StreamingZip
0x00007fff599aa000 	/System/Library/Frameworks/MediaToolbox.framework/Versions/A/MediaToolbox
0x00007fff68650000 	/System/Library/PrivateFrameworks/CoreAVCHD.framework/Versions/A/CoreAVCHD
0x00007fff598f3000 	/System/Library/Frameworks/MediaAccessibility.framework/Versions/A/MediaAccessibility
0x00007fff70ad4000 	/System/Library/PrivateFrameworks/Mangrove.framework/Versions/A/Mangrove
0x00007fff5687c000 	/System/Library/Frameworks/CoreMedia.framework/Versions/A/CoreMedia
0x00007fff62069000 	/System/Library/Frameworks/VideoToolbox.framework/Versions/A/VideoToolbox
0x00007fff68247000 	/System/Library/PrivateFrameworks/CoreAUC.framework/Versions/A/CoreAUC
0x00007fff7d019000 	/usr/lib/libspindump.dylib
0x00007fff65d64000 	/System/Library/PrivateFrameworks/AppleVA.framework/Versions/A/AppleVA
0x00007fff51dc3000 	/System/Library/Frameworks/Accelerate.framework/Versions/A/Frameworks/vImage.framework/Versions/A/Libraries/libCGInterfaces.dylib
0x00007fff53fea000 	/System/Library/Frameworks/ApplicationServices.framework/Versions/A/Frameworks/ATS.framework/Versions/A/Resources/libTrueTypeScaler.dylib
0x00007fff4f75d000 	/System/Library/Extensions/AppleIntelHD5000GraphicsMTLDriver.bundle/Contents/MacOS/AppleIntelHD5000GraphicsMTLDriver
0x000000012a8f7000 	/System/Library/Extensions/AMDMTLBronzeDriver.bundle/Contents/MacOS/AMDMTLBronzeDriver
0x00007fff6fadc000 	/System/Library/PrivateFrameworks/IOAccelMemoryInfo.framework/Versions/A/IOAccelMemoryInfo
0x00007fff6cce9000 	/System/Library/PrivateFrameworks/GPUCompiler.framework/Versions/3802/Libraries/libmetal_timestamp.dylib
0x00007fff6b097000 	/System/Library/PrivateFrameworks/FamilyControls.framework/Versions/A/FamilyControls
0x00007fff67ef5000 	/System/Library/PrivateFrameworks/CommerceKit.framework/Versions/A/Frameworks/CommerceCore.framework/Versions/A/CommerceCore
0x00007fff78eb1000 	/System/Library/PrivateFrameworks/SystemAdministration.framework/Versions/A/SystemAdministration
0x00007fff65a22000 	/System/Library/PrivateFrameworks/AppContainer.framework/Versions/A/AppContainer
0x00007fff76579000 	/System/Library/PrivateFrameworks/SecCodeWrapper.framework/Versions/A/SecCodeWrapper
0x00007fff6a023000 	/System/Library/PrivateFrameworks/DiskManagement.framework/Versions/A/DiskManagement
0x00007fff576f7000 	/System/Library/Frameworks/DirectoryService.framework/Versions/A/DirectoryService
0x00007fff69f50000 	/System/Library/PrivateFrameworks/DiskImages.framework/Versions/A/DiskImages
0x00007fff703c5000 	/System/Library/PrivateFrameworks/LoginUIKit.framework/Versions/A/Frameworks/LoginUICore.framework/Versions/A/LoginUICore
0x00007fff7b033000 	/usr/lib/libCoreStorage.dylib
0x00007fff7be9e000 	/usr/lib/libcsfde.dylib
0x00007fff7cee2000 	/usr/lib/libodfde.dylib
0x00007fff70bf3000 	/System/Library/PrivateFrameworks/MediaKit.framework/Versions/A/MediaKit
0x00007fff57703000 	/System/Library/Frameworks/DiscRecording.framework/Versions/A/DiscRecording
0x00007fff6a19f000 	/System/Library/PrivateFrameworks/EFILogin.framework/Versions/A/EFILogin
0x00007fff74b2d000 	/System/Library/PrivateFrameworks/ProtectedCloudStorage.framework/Versions/A/ProtectedCloudStorage
0x00007fff7bf2b000 	/usr/lib/libcurl.4.dylib
0x00007fff7bb72000 	/usr/lib/libcrypto.35.dylib
0x00007fff7d20a000 	/usr/lib/libssl.35.dylib
0x00007fff59635000 	/System/Library/Frameworks/LDAP.framework/Versions/A/LDAP
0x00007fff794d8000 	/System/Library/PrivateFrameworks/TrustEvaluationAgent.framework/Versions/A/TrustEvaluationAgent
0x00007fff7d006000 	/usr/lib/libsasl2.2.dylib
0x00007fff6889a000 	/System/Library/PrivateFrameworks/CoreDaemon.framework/Versions/B/CoreDaemon
0x00007fff65c66000 	/System/Library/PrivateFrameworks/AppleSRP.framework/Versions/A/AppleSRP
0x00007fff5fde0000 	/System/Library/Frameworks/OpenGL.framework/Versions/A/Resources/GLEngine.bundle/GLEngine
0x00007fff5f2ac000 	/System/Library/Frameworks/OpenGL.framework/Versions/A/Libraries/libGLProgrammability.dylib
0x000000012ace5000 	/System/Library/Extensions/AppleIntelHD5000GraphicsGLDriver.bundle/Contents/MacOS/AppleIntelHD5000GraphicsGLDriver
0x00007fff6e349000 	/System/Library/PrivateFrameworks/GPUSupport.framework/Versions/A/Libraries/libGPUSupportMercury.dylib
0x000000012b44d000 	/System/Library/Extensions/AMDRadeonX4000GLDriver.bundle/Contents/MacOS/AMDRadeonX4000GLDriver
0x00007fff4e396000 	/System/Library/Extensions/AMDRadeonX4000GLDriver.bundle/Contents/MacOS/ATIRadeonX4000SCLib.dylib
0x00007fff5ff78000 	/System/Library/Frameworks/OpenGL.framework/Versions/A/Resources/GLRendererFloat.bundle/GLRendererFloat
0x00007fff5e041000 	/System/Library/Frameworks/OpenCL.framework/Versions/A/Libraries/libcldcpuengine.dylib
0x000000012b63a000 	/Library/Java/JavaVirtualMachines/jdk1.8.0_172.jdk/Contents/Home/jre/lib/libfontmanager.dylib
0x000000012b6a1000 	/Library/Java/JavaVirtualMachines/jdk1.8.0_172.jdk/Contents/Home/jre/lib/libosxui.dylib
0x00007fff7a363000 	/System/Library/PrivateFrameworks/ViewBridge.framework/Versions/A/ViewBridge
0x0000000117fa6000 	/Library/Java/JavaVirtualMachines/jdk1.8.0_172.jdk/Contents/Home/jre/lib/libnio.dylib
0x0000000117fb6000 	/Users/leonhunter/.javacpp/cache/libdc1394-2.2.5-1.4.4-macosx-x86_64.jar/org/bytedeco/javacpp/macosx-x86_64/libusb-1.0.0.dylib
0x000000012e026000 	/Users/leonhunter/.javacpp/cache/libdc1394-2.2.5-1.4.4-macosx-x86_64.jar/org/bytedeco/javacpp/macosx-x86_64/libdc1394.22.dylib
0x000000012e098000 	/Users/leonhunter/.javacpp/cache/libdc1394-2.2.5-1.4.4-macosx-x86_64.jar/org/bytedeco/javacpp/macosx-x86_64/libjnidc1394.dylib
0x0000000118006000 	/System/Library/Extensions/IOUSBFamily.kext/Contents/PlugIns/IOUSBLib.bundle/Contents/MacOS/IOUSBLib
0x000000011801c000 	/Users/leonhunter/.javacpp/cache/libfreenect-0.5.3-1.4.4-macosx-x86_64.jar/org/bytedeco/javacpp/macosx-x86_64/libfreenect.dylib
0x000000011802c000 	/Users/leonhunter/.javacpp/cache/libfreenect-0.5.3-1.4.4-macosx-x86_64.jar/org/bytedeco/javacpp/macosx-x86_64/libfreenect_sync.dylib
0x000000012a4b4000 	/Users/leonhunter/.javacpp/cache/libfreenect-0.5.3-1.4.4-macosx-x86_64.jar/org/bytedeco/javacpp/macosx-x86_64/libjnifreenect.dylib
0x000000012a4f2000 	/Users/leonhunter/.javacpp/cache/libfreenect2-0.2.0-1.4.4-macosx-x86_64.jar/org/bytedeco/javacpp/macosx-x86_64/libfreenect2.0.2.dylib
0x000000012a5d6000 	/Users/leonhunter/.javacpp/cache/libfreenect2-0.2.0-1.4.4-macosx-x86_64.jar/org/bytedeco/javacpp/macosx-x86_64/libjnifreenect2.dylib
0x000000012e397000 	/Users/leonhunter/.javacpp/cache/librealsense-1.12.1-1.4.4-macosx-x86_64.jar/org/bytedeco/javacpp/macosx-x86_64/librealsense.1.dylib
0x000000012a613000 	/Users/leonhunter/.javacpp/cache/librealsense-1.12.1-1.4.4-macosx-x86_64.jar/org/bytedeco/javacpp/macosx-x86_64/libjniRealSense.dylib
0x000000012e4b4000 	/Users/leonhunter/.javacpp/cache/opencv-4.0.1-1.4.4-macosx-x86_64.jar/org/bytedeco/javacpp/macosx-x86_64/libopencv_core.4.0.dylib
0x000000012e934000 	/Users/leonhunter/.javacpp/cache/opencv-4.0.1-1.4.4-macosx-x86_64.jar/org/bytedeco/javacpp/macosx-x86_64/libopencv_imgproc.4.0.dylib
0x000000012ee1e000 	/Users/leonhunter/.javacpp/cache/opencv-4.0.1-1.4.4-macosx-x86_64.jar/org/bytedeco/javacpp/macosx-x86_64/libjniopencv_core.dylib
0x000000012f384000 	/Users/leonhunter/.javacpp/cache/opencv-4.0.1-1.4.4-macosx-x86_64.jar/org/bytedeco/javacpp/macosx-x86_64/libjniopencv_imgproc.dylib
0x000000012f501000 	/Users/leonhunter/.javacpp/cache/opencv-4.0.1-1.4.4-macosx-x86_64.jar/org/bytedeco/javacpp/macosx-x86_64/libopencv_imgcodecs.4.0.dylib
0x0000000118b61000 	/Users/leonhunter/.javacpp/cache/opencv-4.0.1-1.4.4-macosx-x86_64.jar/org/bytedeco/javacpp/macosx-x86_64/libjniopencv_imgcodecs.dylib
0x000000012c34f000 	/Users/leonhunter/.javacpp/cache/opencv-4.0.1-1.4.4-macosx-x86_64.jar/org/bytedeco/javacpp/macosx-x86_64/libopencv_videoio.4.0.dylib
0x00007fff51a22000 	/System/Library/Frameworks/AVFoundation.framework/Versions/A/AVFoundation
0x00007fff51c03000 	/System/Library/Frameworks/AVFoundation.framework/Versions/A/Frameworks/AVFAudio.framework/Versions/A/AVFAudio
0x00007fff70077000 	/System/Library/PrivateFrameworks/IntlPreferences.framework/Versions/A/IntlPreferences
0x00007fff56973000 	/System/Library/Frameworks/CoreMediaIO.framework/Versions/A/CoreMediaIO
0x00007fff74d6d000 	/System/Library/PrivateFrameworks/RemoteServiceDiscovery.framework/Versions/A/RemoteServiceDiscovery
0x00007fff74d9e000 	/System/Library/PrivateFrameworks/RemoteXPC.framework/Versions/A/RemoteXPC
0x00007fff70006000 	/System/Library/PrivateFrameworks/InternationalSupport.framework/Versions/A/InternationalSupport
0x000000012a88d000 	/Users/leonhunter/.javacpp/cache/opencv-4.0.1-1.4.4-macosx-x86_64.jar/org/bytedeco/javacpp/macosx-x86_64/libjniopencv_videoio.dylib
0x000000012a8a8000 	/Users/leonhunter/.javacpp/cache/opencv-4.0.1-1.4.4-macosx-x86_64.jar/org/bytedeco/javacpp/macosx-x86_64/libopencv_highgui.4.0.dylib
0x000000012c394000 	/Users/leonhunter/.javacpp/cache/opencv-4.0.1-1.4.4-macosx-x86_64.jar/org/bytedeco/javacpp/macosx-x86_64/libjniopencv_highgui.dylib
0x000000012c3e8000 	/Users/leonhunter/.javacpp/cache/opencv-4.0.1-1.4.4-macosx-x86_64.jar/org/bytedeco/javacpp/macosx-x86_64/libopencv_flann.4.0.dylib
0x000000012c45d000 	/Users/leonhunter/.javacpp/cache/opencv-4.0.1-1.4.4-macosx-x86_64.jar/org/bytedeco/javacpp/macosx-x86_64/libjniopencv_flann.dylib
0x000000012f7ef000 	/Users/leonhunter/.javacpp/cache/opencv-4.0.1-1.4.4-macosx-x86_64.jar/org/bytedeco/javacpp/macosx-x86_64/libopencv_features2d.4.0.dylib
0x000000012f8cd000 	/Users/leonhunter/.javacpp/cache/opencv-4.0.1-1.4.4-macosx-x86_64.jar/org/bytedeco/javacpp/macosx-x86_64/libjniopencv_features2d.dylib
0x000000012fabe000 	/Users/leonhunter/.javacpp/cache/opencv-4.0.1-1.4.4-macosx-x86_64.jar/org/bytedeco/javacpp/macosx-x86_64/libopencv_calib3d.4.0.dylib
0x000000012a288000 	/Users/leonhunter/.javacpp/cache/opencv-4.0.1-1.4.4-macosx-x86_64.jar/org/bytedeco/javacpp/macosx-x86_64/libjniopencv_calib3d.dylib
0x000000012a349000 	/Users/leonhunter/.javacpp/cache/opencv-4.0.1-1.4.4-macosx-x86_64.jar/org/bytedeco/javacpp/macosx-x86_64/libopencv_objdetect.4.0.dylib
0x000000012a3c0000 	/Users/leonhunter/.javacpp/cache/opencv-4.0.1-1.4.4-macosx-x86_64.jar/org/bytedeco/javacpp/macosx-x86_64/libjniopencv_objdetect.dylib
0x000000012a449000 	/Library/Java/JavaVirtualMachines/jdk1.8.0_172.jdk/Contents/Home/jre/lib/libsunec.dylib
0x000000012a492000 	/System/Library/Extensions/AppleHDA.kext/Contents/PlugIns/AppleHDAHALPlugIn.bundle/Contents/MacOS/AppleHDAHALPlugIn
0x000000012c28f000 	/Library/CoreMediaIO/Plug-Ins/DAL/AppleCamera.plugin/Contents/MacOS/AppleCamera
0x000000012c2ba000 	/System/Library/Frameworks/CoreMediaIO.framework/Resources/VDC.plugin/Contents/MacOS/VDC
0x00000001301cc000 	/System/Library/Frameworks/CoreMediaIO.framework/Resources/CMIOUnits.bundle/Contents/MacOS/CMIOUnits
0x00007fff6ac34000 	/System/Library/PrivateFrameworks/FWAVC.framework/Versions/A/FWAVC
0x00007fff65aa9000 	/System/Library/PrivateFrameworks/AppleGVA.framework/Versions/A/AppleGVA
0x000000012f2e5000 	/Users/leonhunter/.javacpp/cache/ffmpeg-4.1-1.4.4-macosx-x86_64.jar/org/bytedeco/javacpp/macosx-x86_64/libavutil.56.dylib
0x000000013035f000 	/Users/leonhunter/.javacpp/cache/ffmpeg-4.1-1.4.4-macosx-x86_64.jar/org/bytedeco/javacpp/macosx-x86_64/libjniavutil.dylib
0x000000012c2ec000 	/Users/leonhunter/.javacpp/cache/ffmpeg-4.1-1.4.4-macosx-x86_64.jar/org/bytedeco/javacpp/macosx-x86_64/libswresample.3.dylib
0x000000012a49c000 	/Users/leonhunter/.javacpp/cache/ffmpeg-4.1-1.4.4-macosx-x86_64.jar/org/bytedeco/javacpp/macosx-x86_64/libjniswresample.dylib
0x0000000131648000 	/Users/leonhunter/.javacpp/cache/ffmpeg-4.1-1.4.4-macosx-x86_64.jar/org/bytedeco/javacpp/macosx-x86_64/libavcodec.58.dylib
0x000000013432f000 	/Users/leonhunter/.javacpp/cache/ffmpeg-4.1-1.4.4-macosx-x86_64.jar/org/bytedeco/javacpp/macosx-x86_64/libjniavcodec.dylib
0x000000013458d000 	/Users/leonhunter/.javacpp/cache/ffmpeg-4.1-1.4.4-macosx-x86_64.jar/org/bytedeco/javacpp/macosx-x86_64/libavformat.58.dylib
0x00000001341dc000 	/Users/leonhunter/.javacpp/cache/ffmpeg-4.1-1.4.4-macosx-x86_64.jar/org/bytedeco/javacpp/macosx-x86_64/libjniavformat.dylib
0x00000001349ed000 	/Users/leonhunter/.javacpp/cache/ffmpeg-4.1-1.4.4-macosx-x86_64.jar/org/bytedeco/javacpp/macosx-x86_64/libswscale.5.dylib
0x000000012c30a000 	/Users/leonhunter/.javacpp/cache/ffmpeg-4.1-1.4.4-macosx-x86_64.jar/org/bytedeco/javacpp/macosx-x86_64/libjniswscale.dylib
0x000000012c323000 	/Users/leonhunter/.javacpp/cache/ffmpeg-4.1-1.4.4-macosx-x86_64.jar/org/bytedeco/javacpp/macosx-x86_64/libpostproc.55.dylib
0x000000012c4a2000 	/Users/leonhunter/.javacpp/cache/ffmpeg-4.1-1.4.4-macosx-x86_64.jar/org/bytedeco/javacpp/macosx-x86_64/libjnipostproc.dylib
0x0000000134a8c000 	/Users/leonhunter/.javacpp/cache/ffmpeg-4.1-1.4.4-macosx-x86_64.jar/org/bytedeco/javacpp/macosx-x86_64/libavfilter.7.dylib
0x0000000130438000 	/Users/leonhunter/.javacpp/cache/ffmpeg-4.1-1.4.4-macosx-x86_64.jar/org/bytedeco/javacpp/macosx-x86_64/libjniavfilter.dylib
0x000000012f350000 	/Users/leonhunter/.javacpp/cache/ffmpeg-4.1-1.4.4-macosx-x86_64.jar/org/bytedeco/javacpp/macosx-x86_64/libavdevice.58.dylib
0x000000012f35f000 	/Users/leonhunter/.javacpp/cache/ffmpeg-4.1-1.4.4-macosx-x86_64.jar/org/bytedeco/javacpp/macosx-x86_64/libjniavdevice.dylib

VM Arguments:
jvm_args: -javaagent:/Applications/IntelliJ IDEA CE.app/Contents/lib/idea_rt.jar=54480:/Applications/IntelliJ IDEA CE.app/Contents/bin -Dfile.encoding=UTF-8 
java_command: api.MainApplication
java_class_path (initial): /Library/Java/JavaVirtualMachines/jdk1.8.0_172.jdk/Contents/Home/jre/lib/charsets.jar:/Library/Java/JavaVirtualMachines/jdk1.8.0_172.jdk/Contents/Home/jre/lib/deploy.jar:/Library/Java/JavaVirtualMachines/jdk1.8.0_172.jdk/Contents/Home/jre/lib/ext/cldrdata.jar:/Library/Java/JavaVirtualMachines/jdk1.8.0_172.jdk/Contents/Home/jre/lib/ext/dnsns.jar:/Library/Java/JavaVirtualMachines/jdk1.8.0_172.jdk/Contents/Home/jre/lib/ext/jaccess.jar:/Library/Java/JavaVirtualMachines/jdk1.8.0_172.jdk/Contents/Home/jre/lib/ext/jfxrt.jar:/Library/Java/JavaVirtualMachines/jdk1.8.0_172.jdk/Contents/Home/jre/lib/ext/localedata.jar:/Library/Java/JavaVirtualMachines/jdk1.8.0_172.jdk/Contents/Home/jre/lib/ext/nashorn.jar:/Library/Java/JavaVirtualMachines/jdk1.8.0_172.jdk/Contents/Home/jre/lib/ext/sunec.jar:/Library/Java/JavaVirtualMachines/jdk1.8.0_172.jdk/Contents/Home/jre/lib/ext/sunjce_provider.jar:/Library/Java/JavaVirtualMachines/jdk1.8.0_172.jdk/Contents/Home/jre/lib/ext/sunpkcs11.jar:/Library/Java/JavaVirtualMachines/jdk1.8.0_172.jdk/Contents/Home/jre/lib/ext/zipfs.jar:/Library/Java/JavaVirtualMachines/jdk1.8.0_172.jdk/Contents/Home/jre/lib/javaws.jar:/Library/Java/JavaVirtualMachines/jdk1.8.0_172.jdk/Contents/Home/jre/lib/jce.jar:/Library/Java/JavaVirtualMachines/jdk1.8.0_172.jdk/Contents/Home/jre/lib/jfr.jar:/Library/Java/JavaVirtualMachines/jdk1.8.0_172.jdk/Contents/Home/jre/lib/jfxswt.jar:/Library/Java/JavaVirtualMachines/jdk1.8.0_172.jdk/Contents/Home/jre/lib/jsse.jar:/Library/Java/JavaVirtualMachines/jdk1.8.0_172.jdk/Contents/Home/jre/lib/management-agent.jar:/Library/Java/JavaVirtualMachines/jdk1.8.0_172.jdk/Contents/Home/jre/lib/plugin.jar:/Library/Java/JavaVirtualMachines/jdk1.8.0_172.jdk/Contents/Home/jre/lib/resources.jar:/Library/Java/JavaVirtualMachines/jdk1.8.0_172.jdk/Contents/Home/jre/lib/rt.jar:/Library/Java/JavaVirtualMachines/jdk1.8.0_172.jdk/Contents/Home/lib/ant-javafx.jar:/Library/Java/JavaVirtualMachines/jdk1.8.0_172.jdk/Contents/Home
Launcher Type: SUN_STANDARD

Environment Variables:
PATH=/Library/Frameworks/Python.framework/Versions/3.5/bin:/usr/local/bin:/usr/bin:/bin:/usr/sbin:/sbin:/Library/Frameworks/Python.framework/Versions/3.5/bin
SHELL=/bin/bash

Signal Handlers:
SIGSEGV: [libjvm.dylib+0x5b6fd9], sa_mask[0]=11111111011111110111111111111111, sa_flags=SA_ONSTACK|SA_RESTART|SA_SIGINFO
SIGBUS: [libjvm.dylib+0x5b6fd9], sa_mask[0]=11111111011111110111111111111111, sa_flags=SA_RESTART|SA_SIGINFO
SIGFPE: [libjvm.dylib+0x48c8e8], sa_mask[0]=11111111011111110111111111111111, sa_flags=SA_RESTART|SA_SIGINFO
SIGPIPE: [libjvm.dylib+0x48c8e8], sa_mask[0]=11111111011111110111111111111111, sa_flags=SA_RESTART|SA_SIGINFO
SIGXFSZ: [libjvm.dylib+0x48c8e8], sa_mask[0]=11111111011111110111111111111111, sa_flags=SA_RESTART|SA_SIGINFO
SIGILL: [libjvm.dylib+0x48c8e8], sa_mask[0]=11111111011111110111111111111111, sa_flags=SA_RESTART|SA_SIGINFO
SIGUSR1: SIG_DFL, sa_mask[0]=00000000000000000000000000000000, sa_flags=none
SIGUSR2: [libjvm.dylib+0x48c406], sa_mask[0]=00100000000000000000000000000000, sa_flags=SA_RESTART|SA_SIGINFO
SIGHUP: [libjvm.dylib+0x48a9d1], sa_mask[0]=11111111011111110111111111111111, sa_flags=SA_RESTART|SA_SIGINFO
SIGINT: [libjvm.dylib+0x48a9d1], sa_mask[0]=11111111011111110111111111111111, sa_flags=SA_RESTART|SA_SIGINFO
SIGTERM: [libjvm.dylib+0x48a9d1], sa_mask[0]=11111111011111110111111111111111, sa_flags=SA_RESTART|SA_SIGINFO
SIGQUIT: [libjvm.dylib+0x48a9d1], sa_mask[0]=11111111011111110111111111111111, sa_flags=SA_RESTART|SA_SIGINFO


---------------  S Y S T E M  ---------------

OS:Bsduname:Darwin 17.7.0 Darwin Kernel Version 17.7.0: Thu Jun 21 22:53:14 PDT 2018; root:xnu-4570.71.2~1/RELEASE_X86_64 x86_64
rlimit: STACK 8192k, CORE 0k, NPROC 1418, NOFILE 10240, AS infinity
load average:11.16 5.84 3.86

CPU:total 8 (initial active 8) (4 cores per cpu, 2 threads per core) family 6 model 70 stepping 1, cmov, cx8, fxsr, mmx, sse, sse2, sse3, ssse3, sse4.1, sse4.2, popcnt, avx, avx2, aes, clmul, erms, lzcnt, ht, tsc, tscinvbit, bmi1, bmi2

Memory: 4k page, physical 16777216k(758084k free)

/proc/meminfo:


vm_info: Java HotSpot(TM) 64-Bit Server VM (25.172-b11) for bsd-amd64 JRE (1.8.0_172-b11), built on Mar 28 2018 15:38:02 by "java_re" with gcc 4.2.1 (Based on Apple Inc. build 5658) (LLVM build 2336.11.00)

time: Tue May 14 11:53:38 2019
elapsed time: 82 seconds (0d 0h 1m 22s)

